Symlinking /home/darth/Desktop/sc2_ros/devel/lib/python2.7/dist-packages/map_manager/__init__.py
Symlinking /home/darth/Desktop/sc2_ros/devel/lib/python2.7/dist-packages/map_manager/msg/_Float1DArray.py
Symlinking /home/darth/Desktop/sc2_ros/devel/lib/python2.7/dist-packages/map_manager/msg/__init__.py
Symlinking /home/darth/Desktop/sc2_ros/devel/lib/python2.7/dist-packages/map_manager/srv/_StartMission.py
Symlinking /home/darth/Desktop/sc2_ros/devel/lib/python2.7/dist-packages/map_manager/srv/_GetMapInfoByName.py
Symlinking /home/darth/Desktop/sc2_ros/devel/lib/python2.7/dist-packages/map_manager/srv/_GetObstacles.py
Symlinking /home/darth/Desktop/sc2_ros/devel/lib/python2.7/dist-packages/map_manager/srv/_GetMapList.py
Symlinking /home/darth/Desktop/sc2_ros/devel/lib/python2.7/dist-packages/map_manager/srv/_SaveMap.py
Symlinking /home/darth/Desktop/sc2_ros/devel/lib/python2.7/dist-packages/map_manager/srv/__init__.py
Symlinking /home/darth/Desktop/sc2_ros/devel/lib/python2.7/dist-packages/map_manager/srv/_SaveObstacles.py
Symlinking /home/darth/Desktop/sc2_ros/devel/lib/python2.7/dist-packages/lib_map_manager/__init__.py
Symlinking /home/darth/Desktop/sc2_ros/devel/lib/python2.7/dist-packages/lib_trajectory_smoothening/__init__.py
Symlinking /home/darth/Desktop/sc2_ros/devel/lib/pkgconfig/map_manager.pc
Symlinking /home/darth/Desktop/sc2_ros/devel/include/map_manager/GetObstacles.h
Symlinking /home/darth/Desktop/sc2_ros/devel/include/map_manager/SaveObstaclesResponse.h
Symlinking /home/darth/Desktop/sc2_ros/devel/include/map_manager/GetMapInfoByNameResponse.h
Symlinking /home/darth/Desktop/sc2_ros/devel/include/map_manager/SaveMapResponse.h
Symlinking /home/darth/Desktop/sc2_ros/devel/include/map_manager/GetObstaclesRequest.h
Symlinking /home/darth/Desktop/sc2_ros/devel/include/map_manager/GetObstaclesResponse.h
Symlinking /home/darth/Desktop/sc2_ros/devel/include/map_manager/GetMapListRequest.h
Symlinking /home/darth/Desktop/sc2_ros/devel/include/map_manager/Float1DArray.h
Symlinking /home/darth/Desktop/sc2_ros/devel/include/map_manager/SaveMapRequest.h
Symlinking /home/darth/Desktop/sc2_ros/devel/include/map_manager/StartMission.h
Symlinking /home/darth/Desktop/sc2_ros/devel/include/map_manager/SaveMap.h
Symlinking /home/darth/Desktop/sc2_ros/devel/include/map_manager/StartMissionResponse.h
Symlinking /home/darth/Desktop/sc2_ros/devel/include/map_manager/SaveObstaclesRequest.h
Symlinking /home/darth/Desktop/sc2_ros/devel/include/map_manager/GetMapInfoByName.h
Symlinking /home/darth/Desktop/sc2_ros/devel/include/map_manager/SaveObstacles.h
Symlinking /home/darth/Desktop/sc2_ros/devel/include/map_manager/GetMapInfoByNameRequest.h
Symlinking /home/darth/Desktop/sc2_ros/devel/include/map_manager/GetMapListResponse.h
Symlinking /home/darth/Desktop/sc2_ros/devel/include/map_manager/GetMapList.h
Symlinking /home/darth/Desktop/sc2_ros/devel/include/map_manager/StartMissionRequest.h
Symlinking /home/darth/Desktop/sc2_ros/devel/share/map_manager/cmake/map_manager-msg-extras.cmake
Symlinking /home/darth/Desktop/sc2_ros/devel/share/map_manager/cmake/map_managerConfig.cmake
Symlinking /home/darth/Desktop/sc2_ros/devel/share/map_manager/cmake/map_managerConfig-version.cmake
Symlinking /home/darth/Desktop/sc2_ros/devel/share/map_manager/cmake/map_manager-msg-paths.cmake
Symlinking /home/darth/Desktop/sc2_ros/devel/share/common-lisp/ros/map_manager/msg/map_manager-msg.asd
Symlinking /home/darth/Desktop/sc2_ros/devel/share/common-lisp/ros/map_manager/msg/_package_Float1DArray.lisp
Symlinking /home/darth/Desktop/sc2_ros/devel/share/common-lisp/ros/map_manager/msg/_package.lisp
Symlinking /home/darth/Desktop/sc2_ros/devel/share/common-lisp/ros/map_manager/msg/Float1DArray.lisp
Symlinking /home/darth/Desktop/sc2_ros/devel/share/common-lisp/ros/map_manager/srv/GetMapInfoByName.lisp
Symlinking /home/darth/Desktop/sc2_ros/devel/share/common-lisp/ros/map_manager/srv/SaveMap.lisp
Symlinking /home/darth/Desktop/sc2_ros/devel/share/common-lisp/ros/map_manager/srv/GetMapList.lisp
Symlinking /home/darth/Desktop/sc2_ros/devel/share/common-lisp/ros/map_manager/srv/SaveObstacles.lisp
Symlinking /home/darth/Desktop/sc2_ros/devel/share/common-lisp/ros/map_manager/srv/_package_SaveMap.lisp
Symlinking /home/darth/Desktop/sc2_ros/devel/share/common-lisp/ros/map_manager/srv/_package_GetMapInfoByName.lisp
Symlinking /home/darth/Desktop/sc2_ros/devel/share/common-lisp/ros/map_manager/srv/_package_SaveObstacles.lisp
Symlinking /home/darth/Desktop/sc2_ros/devel/share/common-lisp/ros/map_manager/srv/map_manager-srv.asd
Symlinking /home/darth/Desktop/sc2_ros/devel/share/common-lisp/ros/map_manager/srv/_package.lisp
Symlinking /home/darth/Desktop/sc2_ros/devel/share/common-lisp/ros/map_manager/srv/StartMission.lisp
Symlinking /home/darth/Desktop/sc2_ros/devel/share/common-lisp/ros/map_manager/srv/_package_GetObstacles.lisp
Symlinking /home/darth/Desktop/sc2_ros/devel/share/common-lisp/ros/map_manager/srv/_package_StartMission.lisp
Symlinking /home/darth/Desktop/sc2_ros/devel/share/common-lisp/ros/map_manager/srv/GetObstacles.lisp
Symlinking /home/darth/Desktop/sc2_ros/devel/share/common-lisp/ros/map_manager/srv/_package_GetMapList.lisp
Symlinking /home/darth/Desktop/sc2_ros/devel/share/roseus/ros/map_manager/manifest.l
Symlinking /home/darth/Desktop/sc2_ros/devel/share/roseus/ros/map_manager/msg/Float1DArray.l
Symlinking /home/darth/Desktop/sc2_ros/devel/share/roseus/ros/map_manager/srv/SaveMap.l
Symlinking /home/darth/Desktop/sc2_ros/devel/share/roseus/ros/map_manager/srv/GetObstacles.l
Symlinking /home/darth/Desktop/sc2_ros/devel/share/roseus/ros/map_manager/srv/SaveObstacles.l
Symlinking /home/darth/Desktop/sc2_ros/devel/share/roseus/ros/map_manager/srv/StartMission.l
Symlinking /home/darth/Desktop/sc2_ros/devel/share/roseus/ros/map_manager/srv/GetMapList.l
Symlinking /home/darth/Desktop/sc2_ros/devel/share/roseus/ros/map_manager/srv/GetMapInfoByName.l
Symlinking /home/darth/Desktop/sc2_ros/devel/share/gennodejs/ros/map_manager/_index.js
Symlinking /home/darth/Desktop/sc2_ros/devel/share/gennodejs/ros/map_manager/msg/_index.js
Symlinking /home/darth/Desktop/sc2_ros/devel/share/gennodejs/ros/map_manager/msg/Float1DArray.js
Symlinking /home/darth/Desktop/sc2_ros/devel/share/gennodejs/ros/map_manager/srv/GetObstacles.js
Symlinking /home/darth/Desktop/sc2_ros/devel/share/gennodejs/ros/map_manager/srv/GetMapInfoByName.js
Symlinking /home/darth/Desktop/sc2_ros/devel/share/gennodejs/ros/map_manager/srv/SaveMap.js
Symlinking /home/darth/Desktop/sc2_ros/devel/share/gennodejs/ros/map_manager/srv/StartMission.js
Symlinking /home/darth/Desktop/sc2_ros/devel/share/gennodejs/ros/map_manager/srv/GetMapList.js
Symlinking /home/darth/Desktop/sc2_ros/devel/share/gennodejs/ros/map_manager/srv/SaveObstacles.js
Symlinking /home/darth/Desktop/sc2_ros/devel/share/gennodejs/ros/map_manager/srv/_index.js
