[35m[1mScanning dependencies of target _map_manager_generate_messages_check_deps_StartMission[0m
[35m[1mScanning dependencies of target _map_manager_generate_messages_check_deps_Float1DArray[0m
[35m[1mScanning dependencies of target _map_manager_generate_messages_check_deps_SaveObstacles[0m
[35m[1mScanning dependencies of target std_msgs_generate_messages_cpp[0m
[35m[1mScanning dependencies of target _map_manager_generate_messages_check_deps_GetMapInfoByName[0m
[  0%] Built target std_msgs_generate_messages_cpp
[35m[1mScanning dependencies of target _map_manager_generate_messages_check_deps_SaveMap[0m
[35m[1mScanning dependencies of target _map_manager_generate_messages_check_deps_GetObstacles[0m
[  0%] Built target _map_manager_generate_messages_check_deps_SaveObstacles
[  0%] Built target _map_manager_generate_messages_check_deps_StartMission
[  0%] Built target _map_manager_generate_messages_check_deps_GetMapInfoByName
[35m[1mScanning dependencies of target _map_manager_generate_messages_check_deps_GetMapList[0m
[  0%] Built target _map_manager_generate_messages_check_deps_Float1DArray
[35m[1mScanning dependencies of target std_msgs_generate_messages_py[0m
[  0%] Built target _map_manager_generate_messages_check_deps_SaveMap
[35m[1mScanning dependencies of target std_msgs_generate_messages_nodejs[0m
[  0%] Built target std_msgs_generate_messages_nodejs
[35m[1mScanning dependencies of target std_msgs_generate_messages_lisp[0m
[  0%] Built target std_msgs_generate_messages_py
[  0%] Built target std_msgs_generate_messages_lisp
[  0%] Built target _map_manager_generate_messages_check_deps_GetObstacles
[35m[1mScanning dependencies of target std_msgs_generate_messages_eus[0m
[  0%] Built target std_msgs_generate_messages_eus
[  0%] Built target _map_manager_generate_messages_check_deps_GetMapList
[35m[1mScanning dependencies of target map_manager_generate_messages_cpp[0m
[  2%] [34m[1mGenerating C++ code from map_manager/Float1DArray.msg[0m
[  5%] [34m[1mGenerating C++ code from map_manager/SaveMap.srv[0m
[  7%] [34m[1mGenerating C++ code from map_manager/GetMapList.srv[0m
[ 10%] [34m[1mGenerating C++ code from map_manager/StartMission.srv[0m
[ 13%] [34m[1mGenerating C++ code from map_manager/GetObstacles.srv[0m
[ 15%] [34m[1mGenerating C++ code from map_manager/GetMapInfoByName.srv[0m
[ 18%] [34m[1mGenerating C++ code from map_manager/SaveObstacles.srv[0m
[ 18%] Built target map_manager_generate_messages_cpp
[35m[1mScanning dependencies of target map_manager_generate_messages_py[0m
[ 21%] [34m[1mGenerating Python from MSG map_manager/Float1DArray[0m
[35m[1mScanning dependencies of target map_manager_generate_messages_nodejs[0m
[ 23%] [34m[1mGenerating Javascript code from map_manager/Float1DArray.msg[0m
[ 26%] [34m[1mGenerating Python code from SRV map_manager/SaveMap[0m
[ 28%] [34m[1mGenerating Javascript code from map_manager/SaveMap.srv[0m
[ 31%] [34m[1mGenerating Python code from SRV map_manager/GetMapList[0m
[ 34%] [34m[1mGenerating Javascript code from map_manager/GetMapList.srv[0m
[ 36%] [34m[1mGenerating Python code from SRV map_manager/StartMission[0m
[ 39%] [34m[1mGenerating Python code from SRV map_manager/GetObstacles[0m
[ 42%] [34m[1mGenerating Javascript code from map_manager/StartMission.srv[0m
[ 44%] [34m[1mGenerating Python code from SRV map_manager/GetMapInfoByName[0m
[ 47%] [34m[1mGenerating Javascript code from map_manager/GetObstacles.srv[0m
[ 50%] [34m[1mGenerating Python code from SRV map_manager/SaveObstacles[0m
[ 52%] [34m[1mGenerating Javascript code from map_manager/GetMapInfoByName.srv[0m
[ 55%] [34m[1mGenerating Python msg __init__.py for map_manager[0m
[ 57%] [34m[1mGenerating Javascript code from map_manager/SaveObstacles.srv[0m
[ 57%] Built target map_manager_generate_messages_nodejs
[ 60%] [34m[1mGenerating Python srv __init__.py for map_manager[0m
[ 60%] Built target map_manager_generate_messages_py
[35m[1mScanning dependencies of target map_manager_generate_messages_lisp[0m
[35m[1mScanning dependencies of target map_manager_generate_messages_eus[0m
[ 63%] [34m[1mGenerating EusLisp code from map_manager/Float1DArray.msg[0m
[ 65%] [34m[1mGenerating EusLisp code from map_manager/SaveMap.srv[0m
[ 68%] [34m[1mGenerating Lisp code from map_manager/Float1DArray.msg[0m
[ 71%] [34m[1mGenerating Lisp code from map_manager/SaveMap.srv[0m
[ 73%] [34m[1mGenerating EusLisp code from map_manager/StartMission.srv[0m
[ 76%] [34m[1mGenerating EusLisp code from map_manager/GetMapList.srv[0m
[ 78%] [34m[1mGenerating Lisp code from map_manager/StartMission.srv[0m
[ 81%] [34m[1mGenerating Lisp code from map_manager/GetMapList.srv[0m
[ 84%] [34m[1mGenerating EusLisp code from map_manager/GetMapInfoByName.srv[0m
[ 86%] [34m[1mGenerating EusLisp code from map_manager/GetObstacles.srv[0m
[ 89%] [34m[1mGenerating EusLisp code from map_manager/SaveObstacles.srv[0m
[ 92%] [34m[1mGenerating Lisp code from map_manager/GetObstacles.srv[0m
[ 94%] [34m[1mGenerating Lisp code from map_manager/GetMapInfoByName.srv[0m
[ 97%] [34m[1mGenerating Lisp code from map_manager/SaveObstacles.srv[0m
[100%] [34m[1mGenerating EusLisp manifest code for map_manager[0m
[100%] Built target map_manager_generate_messages_lisp
[100%] Built target map_manager_generate_messages_eus
[35m[1mScanning dependencies of target map_manager_generate_messages[0m
[100%] Built target map_manager_generate_messages
