Linked: (/home/darth/Desktop/sc2_ros/devel/.private/map_manager/lib/python2.7/dist-packages/map_manager/__init__.py, /home/darth/Desktop/sc2_ros/devel/lib/python2.7/dist-packages/map_manager/__init__.py)
Linked: (/home/darth/Desktop/sc2_ros/devel/.private/map_manager/lib/python2.7/dist-packages/map_manager/msg/_Float1DArray.py, /home/darth/Desktop/sc2_ros/devel/lib/python2.7/dist-packages/map_manager/msg/_Float1DArray.py)
Linked: (/home/darth/Desktop/sc2_ros/devel/.private/map_manager/lib/python2.7/dist-packages/map_manager/msg/__init__.py, /home/darth/Desktop/sc2_ros/devel/lib/python2.7/dist-packages/map_manager/msg/__init__.py)
Linked: (/home/darth/Desktop/sc2_ros/devel/.private/map_manager/lib/python2.7/dist-packages/map_manager/srv/_StartMission.py, /home/darth/Desktop/sc2_ros/devel/lib/python2.7/dist-packages/map_manager/srv/_StartMission.py)
Linked: (/home/darth/Desktop/sc2_ros/devel/.private/map_manager/lib/python2.7/dist-packages/map_manager/srv/_GetMapInfoByName.py, /home/darth/Desktop/sc2_ros/devel/lib/python2.7/dist-packages/map_manager/srv/_GetMapInfoByName.py)
Linked: (/home/darth/Desktop/sc2_ros/devel/.private/map_manager/lib/python2.7/dist-packages/map_manager/srv/_GetObstacles.py, /home/darth/Desktop/sc2_ros/devel/lib/python2.7/dist-packages/map_manager/srv/_GetObstacles.py)
Linked: (/home/darth/Desktop/sc2_ros/devel/.private/map_manager/lib/python2.7/dist-packages/map_manager/srv/_GetMapList.py, /home/darth/Desktop/sc2_ros/devel/lib/python2.7/dist-packages/map_manager/srv/_GetMapList.py)
Linked: (/home/darth/Desktop/sc2_ros/devel/.private/map_manager/lib/python2.7/dist-packages/map_manager/srv/_SaveMap.py, /home/darth/Desktop/sc2_ros/devel/lib/python2.7/dist-packages/map_manager/srv/_SaveMap.py)
Linked: (/home/darth/Desktop/sc2_ros/devel/.private/map_manager/lib/python2.7/dist-packages/map_manager/srv/__init__.py, /home/darth/Desktop/sc2_ros/devel/lib/python2.7/dist-packages/map_manager/srv/__init__.py)
Linked: (/home/darth/Desktop/sc2_ros/devel/.private/map_manager/lib/python2.7/dist-packages/map_manager/srv/_SaveObstacles.py, /home/darth/Desktop/sc2_ros/devel/lib/python2.7/dist-packages/map_manager/srv/_SaveObstacles.py)
Linked: (/home/darth/Desktop/sc2_ros/devel/.private/map_manager/lib/python2.7/dist-packages/lib_map_manager/__init__.py, /home/darth/Desktop/sc2_ros/devel/lib/python2.7/dist-packages/lib_map_manager/__init__.py)
Linked: (/home/darth/Desktop/sc2_ros/devel/.private/map_manager/lib/python2.7/dist-packages/lib_trajectory_smoothening/__init__.py, /home/darth/Desktop/sc2_ros/devel/lib/python2.7/dist-packages/lib_trajectory_smoothening/__init__.py)
Linked: (/home/darth/Desktop/sc2_ros/devel/.private/map_manager/lib/pkgconfig/map_manager.pc, /home/darth/Desktop/sc2_ros/devel/lib/pkgconfig/map_manager.pc)
Linked: (/home/darth/Desktop/sc2_ros/devel/.private/map_manager/include/map_manager/GetObstacles.h, /home/darth/Desktop/sc2_ros/devel/include/map_manager/GetObstacles.h)
Linked: (/home/darth/Desktop/sc2_ros/devel/.private/map_manager/include/map_manager/SaveObstaclesResponse.h, /home/darth/Desktop/sc2_ros/devel/include/map_manager/SaveObstaclesResponse.h)
Linked: (/home/darth/Desktop/sc2_ros/devel/.private/map_manager/include/map_manager/GetMapInfoByNameResponse.h, /home/darth/Desktop/sc2_ros/devel/include/map_manager/GetMapInfoByNameResponse.h)
Linked: (/home/darth/Desktop/sc2_ros/devel/.private/map_manager/include/map_manager/SaveMapResponse.h, /home/darth/Desktop/sc2_ros/devel/include/map_manager/SaveMapResponse.h)
Linked: (/home/darth/Desktop/sc2_ros/devel/.private/map_manager/include/map_manager/GetObstaclesRequest.h, /home/darth/Desktop/sc2_ros/devel/include/map_manager/GetObstaclesRequest.h)
Linked: (/home/darth/Desktop/sc2_ros/devel/.private/map_manager/include/map_manager/GetObstaclesResponse.h, /home/darth/Desktop/sc2_ros/devel/include/map_manager/GetObstaclesResponse.h)
Linked: (/home/darth/Desktop/sc2_ros/devel/.private/map_manager/include/map_manager/GetMapListRequest.h, /home/darth/Desktop/sc2_ros/devel/include/map_manager/GetMapListRequest.h)
Linked: (/home/darth/Desktop/sc2_ros/devel/.private/map_manager/include/map_manager/Float1DArray.h, /home/darth/Desktop/sc2_ros/devel/include/map_manager/Float1DArray.h)
Linked: (/home/darth/Desktop/sc2_ros/devel/.private/map_manager/include/map_manager/SaveMapRequest.h, /home/darth/Desktop/sc2_ros/devel/include/map_manager/SaveMapRequest.h)
Linked: (/home/darth/Desktop/sc2_ros/devel/.private/map_manager/include/map_manager/StartMission.h, /home/darth/Desktop/sc2_ros/devel/include/map_manager/StartMission.h)
Linked: (/home/darth/Desktop/sc2_ros/devel/.private/map_manager/include/map_manager/SaveMap.h, /home/darth/Desktop/sc2_ros/devel/include/map_manager/SaveMap.h)
Linked: (/home/darth/Desktop/sc2_ros/devel/.private/map_manager/include/map_manager/StartMissionResponse.h, /home/darth/Desktop/sc2_ros/devel/include/map_manager/StartMissionResponse.h)
Linked: (/home/darth/Desktop/sc2_ros/devel/.private/map_manager/include/map_manager/SaveObstaclesRequest.h, /home/darth/Desktop/sc2_ros/devel/include/map_manager/SaveObstaclesRequest.h)
Linked: (/home/darth/Desktop/sc2_ros/devel/.private/map_manager/include/map_manager/GetMapInfoByName.h, /home/darth/Desktop/sc2_ros/devel/include/map_manager/GetMapInfoByName.h)
Linked: (/home/darth/Desktop/sc2_ros/devel/.private/map_manager/include/map_manager/SaveObstacles.h, /home/darth/Desktop/sc2_ros/devel/include/map_manager/SaveObstacles.h)
Linked: (/home/darth/Desktop/sc2_ros/devel/.private/map_manager/include/map_manager/GetMapInfoByNameRequest.h, /home/darth/Desktop/sc2_ros/devel/include/map_manager/GetMapInfoByNameRequest.h)
Linked: (/home/darth/Desktop/sc2_ros/devel/.private/map_manager/include/map_manager/GetMapListResponse.h, /home/darth/Desktop/sc2_ros/devel/include/map_manager/GetMapListResponse.h)
Linked: (/home/darth/Desktop/sc2_ros/devel/.private/map_manager/include/map_manager/GetMapList.h, /home/darth/Desktop/sc2_ros/devel/include/map_manager/GetMapList.h)
Linked: (/home/darth/Desktop/sc2_ros/devel/.private/map_manager/include/map_manager/StartMissionRequest.h, /home/darth/Desktop/sc2_ros/devel/include/map_manager/StartMissionRequest.h)
Linked: (/home/darth/Desktop/sc2_ros/devel/.private/map_manager/share/map_manager/cmake/map_manager-msg-extras.cmake, /home/darth/Desktop/sc2_ros/devel/share/map_manager/cmake/map_manager-msg-extras.cmake)
Linked: (/home/darth/Desktop/sc2_ros/devel/.private/map_manager/share/map_manager/cmake/map_managerConfig.cmake, /home/darth/Desktop/sc2_ros/devel/share/map_manager/cmake/map_managerConfig.cmake)
Linked: (/home/darth/Desktop/sc2_ros/devel/.private/map_manager/share/map_manager/cmake/map_managerConfig-version.cmake, /home/darth/Desktop/sc2_ros/devel/share/map_manager/cmake/map_managerConfig-version.cmake)
Linked: (/home/darth/Desktop/sc2_ros/devel/.private/map_manager/share/map_manager/cmake/map_manager-msg-paths.cmake, /home/darth/Desktop/sc2_ros/devel/share/map_manager/cmake/map_manager-msg-paths.cmake)
Linked: (/home/darth/Desktop/sc2_ros/devel/.private/map_manager/share/common-lisp/ros/map_manager/msg/map_manager-msg.asd, /home/darth/Desktop/sc2_ros/devel/share/common-lisp/ros/map_manager/msg/map_manager-msg.asd)
Linked: (/home/darth/Desktop/sc2_ros/devel/.private/map_manager/share/common-lisp/ros/map_manager/msg/_package_Float1DArray.lisp, /home/darth/Desktop/sc2_ros/devel/share/common-lisp/ros/map_manager/msg/_package_Float1DArray.lisp)
Linked: (/home/darth/Desktop/sc2_ros/devel/.private/map_manager/share/common-lisp/ros/map_manager/msg/_package.lisp, /home/darth/Desktop/sc2_ros/devel/share/common-lisp/ros/map_manager/msg/_package.lisp)
Linked: (/home/darth/Desktop/sc2_ros/devel/.private/map_manager/share/common-lisp/ros/map_manager/msg/Float1DArray.lisp, /home/darth/Desktop/sc2_ros/devel/share/common-lisp/ros/map_manager/msg/Float1DArray.lisp)
Linked: (/home/darth/Desktop/sc2_ros/devel/.private/map_manager/share/common-lisp/ros/map_manager/srv/GetMapInfoByName.lisp, /home/darth/Desktop/sc2_ros/devel/share/common-lisp/ros/map_manager/srv/GetMapInfoByName.lisp)
Linked: (/home/darth/Desktop/sc2_ros/devel/.private/map_manager/share/common-lisp/ros/map_manager/srv/SaveMap.lisp, /home/darth/Desktop/sc2_ros/devel/share/common-lisp/ros/map_manager/srv/SaveMap.lisp)
Linked: (/home/darth/Desktop/sc2_ros/devel/.private/map_manager/share/common-lisp/ros/map_manager/srv/GetMapList.lisp, /home/darth/Desktop/sc2_ros/devel/share/common-lisp/ros/map_manager/srv/GetMapList.lisp)
Linked: (/home/darth/Desktop/sc2_ros/devel/.private/map_manager/share/common-lisp/ros/map_manager/srv/SaveObstacles.lisp, /home/darth/Desktop/sc2_ros/devel/share/common-lisp/ros/map_manager/srv/SaveObstacles.lisp)
Linked: (/home/darth/Desktop/sc2_ros/devel/.private/map_manager/share/common-lisp/ros/map_manager/srv/_package_SaveMap.lisp, /home/darth/Desktop/sc2_ros/devel/share/common-lisp/ros/map_manager/srv/_package_SaveMap.lisp)
Linked: (/home/darth/Desktop/sc2_ros/devel/.private/map_manager/share/common-lisp/ros/map_manager/srv/_package_GetMapInfoByName.lisp, /home/darth/Desktop/sc2_ros/devel/share/common-lisp/ros/map_manager/srv/_package_GetMapInfoByName.lisp)
Linked: (/home/darth/Desktop/sc2_ros/devel/.private/map_manager/share/common-lisp/ros/map_manager/srv/_package_SaveObstacles.lisp, /home/darth/Desktop/sc2_ros/devel/share/common-lisp/ros/map_manager/srv/_package_SaveObstacles.lisp)
Linked: (/home/darth/Desktop/sc2_ros/devel/.private/map_manager/share/common-lisp/ros/map_manager/srv/map_manager-srv.asd, /home/darth/Desktop/sc2_ros/devel/share/common-lisp/ros/map_manager/srv/map_manager-srv.asd)
Linked: (/home/darth/Desktop/sc2_ros/devel/.private/map_manager/share/common-lisp/ros/map_manager/srv/_package.lisp, /home/darth/Desktop/sc2_ros/devel/share/common-lisp/ros/map_manager/srv/_package.lisp)
Linked: (/home/darth/Desktop/sc2_ros/devel/.private/map_manager/share/common-lisp/ros/map_manager/srv/StartMission.lisp, /home/darth/Desktop/sc2_ros/devel/share/common-lisp/ros/map_manager/srv/StartMission.lisp)
Linked: (/home/darth/Desktop/sc2_ros/devel/.private/map_manager/share/common-lisp/ros/map_manager/srv/_package_GetObstacles.lisp, /home/darth/Desktop/sc2_ros/devel/share/common-lisp/ros/map_manager/srv/_package_GetObstacles.lisp)
Linked: (/home/darth/Desktop/sc2_ros/devel/.private/map_manager/share/common-lisp/ros/map_manager/srv/_package_StartMission.lisp, /home/darth/Desktop/sc2_ros/devel/share/common-lisp/ros/map_manager/srv/_package_StartMission.lisp)
Linked: (/home/darth/Desktop/sc2_ros/devel/.private/map_manager/share/common-lisp/ros/map_manager/srv/GetObstacles.lisp, /home/darth/Desktop/sc2_ros/devel/share/common-lisp/ros/map_manager/srv/GetObstacles.lisp)
Linked: (/home/darth/Desktop/sc2_ros/devel/.private/map_manager/share/common-lisp/ros/map_manager/srv/_package_GetMapList.lisp, /home/darth/Desktop/sc2_ros/devel/share/common-lisp/ros/map_manager/srv/_package_GetMapList.lisp)
Linked: (/home/darth/Desktop/sc2_ros/devel/.private/map_manager/share/roseus/ros/map_manager/manifest.l, /home/darth/Desktop/sc2_ros/devel/share/roseus/ros/map_manager/manifest.l)
Linked: (/home/darth/Desktop/sc2_ros/devel/.private/map_manager/share/roseus/ros/map_manager/msg/Float1DArray.l, /home/darth/Desktop/sc2_ros/devel/share/roseus/ros/map_manager/msg/Float1DArray.l)
Linked: (/home/darth/Desktop/sc2_ros/devel/.private/map_manager/share/roseus/ros/map_manager/srv/SaveMap.l, /home/darth/Desktop/sc2_ros/devel/share/roseus/ros/map_manager/srv/SaveMap.l)
Linked: (/home/darth/Desktop/sc2_ros/devel/.private/map_manager/share/roseus/ros/map_manager/srv/GetObstacles.l, /home/darth/Desktop/sc2_ros/devel/share/roseus/ros/map_manager/srv/GetObstacles.l)
Linked: (/home/darth/Desktop/sc2_ros/devel/.private/map_manager/share/roseus/ros/map_manager/srv/SaveObstacles.l, /home/darth/Desktop/sc2_ros/devel/share/roseus/ros/map_manager/srv/SaveObstacles.l)
Linked: (/home/darth/Desktop/sc2_ros/devel/.private/map_manager/share/roseus/ros/map_manager/srv/StartMission.l, /home/darth/Desktop/sc2_ros/devel/share/roseus/ros/map_manager/srv/StartMission.l)
Linked: (/home/darth/Desktop/sc2_ros/devel/.private/map_manager/share/roseus/ros/map_manager/srv/GetMapList.l, /home/darth/Desktop/sc2_ros/devel/share/roseus/ros/map_manager/srv/GetMapList.l)
Linked: (/home/darth/Desktop/sc2_ros/devel/.private/map_manager/share/roseus/ros/map_manager/srv/GetMapInfoByName.l, /home/darth/Desktop/sc2_ros/devel/share/roseus/ros/map_manager/srv/GetMapInfoByName.l)
Linked: (/home/darth/Desktop/sc2_ros/devel/.private/map_manager/share/gennodejs/ros/map_manager/_index.js, /home/darth/Desktop/sc2_ros/devel/share/gennodejs/ros/map_manager/_index.js)
Linked: (/home/darth/Desktop/sc2_ros/devel/.private/map_manager/share/gennodejs/ros/map_manager/msg/_index.js, /home/darth/Desktop/sc2_ros/devel/share/gennodejs/ros/map_manager/msg/_index.js)
Linked: (/home/darth/Desktop/sc2_ros/devel/.private/map_manager/share/gennodejs/ros/map_manager/msg/Float1DArray.js, /home/darth/Desktop/sc2_ros/devel/share/gennodejs/ros/map_manager/msg/Float1DArray.js)
Linked: (/home/darth/Desktop/sc2_ros/devel/.private/map_manager/share/gennodejs/ros/map_manager/srv/GetObstacles.js, /home/darth/Desktop/sc2_ros/devel/share/gennodejs/ros/map_manager/srv/GetObstacles.js)
Linked: (/home/darth/Desktop/sc2_ros/devel/.private/map_manager/share/gennodejs/ros/map_manager/srv/GetMapInfoByName.js, /home/darth/Desktop/sc2_ros/devel/share/gennodejs/ros/map_manager/srv/GetMapInfoByName.js)
Linked: (/home/darth/Desktop/sc2_ros/devel/.private/map_manager/share/gennodejs/ros/map_manager/srv/SaveMap.js, /home/darth/Desktop/sc2_ros/devel/share/gennodejs/ros/map_manager/srv/SaveMap.js)
Linked: (/home/darth/Desktop/sc2_ros/devel/.private/map_manager/share/gennodejs/ros/map_manager/srv/StartMission.js, /home/darth/Desktop/sc2_ros/devel/share/gennodejs/ros/map_manager/srv/StartMission.js)
Linked: (/home/darth/Desktop/sc2_ros/devel/.private/map_manager/share/gennodejs/ros/map_manager/srv/GetMapList.js, /home/darth/Desktop/sc2_ros/devel/share/gennodejs/ros/map_manager/srv/GetMapList.js)
Linked: (/home/darth/Desktop/sc2_ros/devel/.private/map_manager/share/gennodejs/ros/map_manager/srv/SaveObstacles.js, /home/darth/Desktop/sc2_ros/devel/share/gennodejs/ros/map_manager/srv/SaveObstacles.js)
Linked: (/home/darth/Desktop/sc2_ros/devel/.private/map_manager/share/gennodejs/ros/map_manager/srv/_index.js, /home/darth/Desktop/sc2_ros/devel/share/gennodejs/ros/map_manager/srv/_index.js)
