Determining if the pthread_create exist failed with the following output:
Change Dir: /home/darth/Desktop/sc2_ros/build/navigation/CMakeFiles/CMakeTmp

Run Build Command:"/usr/bin/make" "cmTC_054da/fast"
/usr/bin/make -f CMakeFiles/cmTC_054da.dir/build.make CMakeFiles/cmTC_054da.dir/build
make[1]: Entering directory '/home/darth/Desktop/sc2_ros/build/navigation/CMakeFiles/CMakeTmp'
Building C object CMakeFiles/cmTC_054da.dir/CheckSymbolExists.c.o
/usr/bin/cc     -o CMakeFiles/cmTC_054da.dir/CheckSymbolExists.c.o   -c /home/darth/Desktop/sc2_ros/build/navigation/CMakeFiles/CMakeTmp/CheckSymbolExists.c
Linking C executable cmTC_054da
/usr/bin/cmake -E cmake_link_script CMakeFiles/cmTC_054da.dir/link.txt --verbose=1
/usr/bin/cc       CMakeFiles/cmTC_054da.dir/CheckSymbolExists.c.o  -o cmTC_054da -rdynamic 
CMakeFiles/cmTC_054da.dir/CheckSymbolExists.c.o: In function `main':
CheckSymbolExists.c:(.text+0x16): undefined reference to `pthread_create'
collect2: error: ld returned 1 exit status
CMakeFiles/cmTC_054da.dir/build.make:97: recipe for target 'cmTC_054da' failed
make[1]: *** [cmTC_054da] Error 1
make[1]: Leaving directory '/home/darth/Desktop/sc2_ros/build/navigation/CMakeFiles/CMakeTmp'
Makefile:126: recipe for target 'cmTC_054da/fast' failed
make: *** [cmTC_054da/fast] Error 2

File /home/darth/Desktop/sc2_ros/build/navigation/CMakeFiles/CMakeTmp/CheckSymbolExists.c:
/* */
#include <pthread.h>

int main(int argc, char** argv)
{
  (void)argv;
#ifndef pthread_create
  return ((int*)(&pthread_create))[argc];
#else
  (void)argc;
  return 0;
#endif
}

Determining if the function pthread_create exists in the pthreads failed with the following output:
Change Dir: /home/darth/Desktop/sc2_ros/build/navigation/CMakeFiles/CMakeTmp

Run Build Command:"/usr/bin/make" "cmTC_fcec6/fast"
/usr/bin/make -f CMakeFiles/cmTC_fcec6.dir/build.make CMakeFiles/cmTC_fcec6.dir/build
make[1]: Entering directory '/home/darth/Desktop/sc2_ros/build/navigation/CMakeFiles/CMakeTmp'
Building C object CMakeFiles/cmTC_fcec6.dir/CheckFunctionExists.c.o
/usr/bin/cc    -DCHECK_FUNCTION_EXISTS=pthread_create   -o CMakeFiles/cmTC_fcec6.dir/CheckFunctionExists.c.o   -c /usr/share/cmake-3.5/Modules/CheckFunctionExists.c
Linking C executable cmTC_fcec6
/usr/bin/cmake -E cmake_link_script CMakeFiles/cmTC_fcec6.dir/link.txt --verbose=1
/usr/bin/cc   -DCHECK_FUNCTION_EXISTS=pthread_create    CMakeFiles/cmTC_fcec6.dir/CheckFunctionExists.c.o  -o cmTC_fcec6 -rdynamic -lpthreads 
/usr/bin/ld: cannot find -lpthreads
collect2: error: ld returned 1 exit status
CMakeFiles/cmTC_fcec6.dir/build.make:97: recipe for target 'cmTC_fcec6' failed
make[1]: *** [cmTC_fcec6] Error 1
make[1]: Leaving directory '/home/darth/Desktop/sc2_ros/build/navigation/CMakeFiles/CMakeTmp'
Makefile:126: recipe for target 'cmTC_fcec6/fast' failed
make: *** [cmTC_fcec6/fast] Error 2


