Linked: (/home/darth/Desktop/sc2_ros/devel/.private/navigation/lib/python2.7/dist-packages/nav_node/__init__.py, /home/darth/Desktop/sc2_ros/devel/lib/python2.7/dist-packages/nav_node/__init__.py)
Linked: (/home/darth/Desktop/sc2_ros/devel/.private/navigation/lib/python2.7/dist-packages/nav_node_tester/__init__.py, /home/darth/Desktop/sc2_ros/devel/lib/python2.7/dist-packages/nav_node_tester/__init__.py)
Linked: (/home/darth/Desktop/sc2_ros/devel/.private/navigation/lib/python2.7/dist-packages/navigation/__init__.py, /home/darth/Desktop/sc2_ros/devel/lib/python2.7/dist-packages/navigation/__init__.py)
Linked: (/home/darth/Desktop/sc2_ros/devel/.private/navigation/lib/python2.7/dist-packages/navigation/srv/_MissionWaypoints.py, /home/darth/Desktop/sc2_ros/devel/lib/python2.7/dist-packages/navigation/srv/_MissionWaypoints.py)
Linked: (/home/darth/Desktop/sc2_ros/devel/.private/navigation/lib/python2.7/dist-packages/navigation/srv/_global_setpoint.py, /home/darth/Desktop/sc2_ros/devel/lib/python2.7/dist-packages/navigation/srv/_global_setpoint.py)
Linked: (/home/darth/Desktop/sc2_ros/devel/.private/navigation/lib/python2.7/dist-packages/navigation/srv/__init__.py, /home/darth/Desktop/sc2_ros/devel/lib/python2.7/dist-packages/navigation/srv/__init__.py)
Linked: (/home/darth/Desktop/sc2_ros/devel/.private/navigation/lib/python2.7/dist-packages/navigation/srv/_GlobalSetpoint.py, /home/darth/Desktop/sc2_ros/devel/lib/python2.7/dist-packages/navigation/srv/_GlobalSetpoint.py)
Linked: (/home/darth/Desktop/sc2_ros/devel/.private/navigation/lib/pkgconfig/navigation.pc, /home/darth/Desktop/sc2_ros/devel/lib/pkgconfig/navigation.pc)
Linked: (/home/darth/Desktop/sc2_ros/devel/.private/navigation/include/navigation/GlobalSetpointRequest.h, /home/darth/Desktop/sc2_ros/devel/include/navigation/GlobalSetpointRequest.h)
Linked: (/home/darth/Desktop/sc2_ros/devel/.private/navigation/include/navigation/global_setpointResponse.h, /home/darth/Desktop/sc2_ros/devel/include/navigation/global_setpointResponse.h)
Linked: (/home/darth/Desktop/sc2_ros/devel/.private/navigation/include/navigation/MissionWaypointsResponse.h, /home/darth/Desktop/sc2_ros/devel/include/navigation/MissionWaypointsResponse.h)
Linked: (/home/darth/Desktop/sc2_ros/devel/.private/navigation/include/navigation/GlobalSetpoint.h, /home/darth/Desktop/sc2_ros/devel/include/navigation/GlobalSetpoint.h)
Linked: (/home/darth/Desktop/sc2_ros/devel/.private/navigation/include/navigation/GlobalSetpointResponse.h, /home/darth/Desktop/sc2_ros/devel/include/navigation/GlobalSetpointResponse.h)
Linked: (/home/darth/Desktop/sc2_ros/devel/.private/navigation/include/navigation/global_setpoint.h, /home/darth/Desktop/sc2_ros/devel/include/navigation/global_setpoint.h)
Linked: (/home/darth/Desktop/sc2_ros/devel/.private/navigation/include/navigation/MissionWaypointsRequest.h, /home/darth/Desktop/sc2_ros/devel/include/navigation/MissionWaypointsRequest.h)
Linked: (/home/darth/Desktop/sc2_ros/devel/.private/navigation/include/navigation/MissionWaypoints.h, /home/darth/Desktop/sc2_ros/devel/include/navigation/MissionWaypoints.h)
Linked: (/home/darth/Desktop/sc2_ros/devel/.private/navigation/include/navigation/global_setpointRequest.h, /home/darth/Desktop/sc2_ros/devel/include/navigation/global_setpointRequest.h)
Linked: (/home/darth/Desktop/sc2_ros/devel/.private/navigation/share/common-lisp/ros/navigation/srv/GlobalSetpoint.lisp, /home/darth/Desktop/sc2_ros/devel/share/common-lisp/ros/navigation/srv/GlobalSetpoint.lisp)
Linked: (/home/darth/Desktop/sc2_ros/devel/.private/navigation/share/common-lisp/ros/navigation/srv/_package_global_setpoint.lisp, /home/darth/Desktop/sc2_ros/devel/share/common-lisp/ros/navigation/srv/_package_global_setpoint.lisp)
Linked: (/home/darth/Desktop/sc2_ros/devel/.private/navigation/share/common-lisp/ros/navigation/srv/MissionWaypoints.lisp, /home/darth/Desktop/sc2_ros/devel/share/common-lisp/ros/navigation/srv/MissionWaypoints.lisp)
Linked: (/home/darth/Desktop/sc2_ros/devel/.private/navigation/share/common-lisp/ros/navigation/srv/_package_MissionWaypoints.lisp, /home/darth/Desktop/sc2_ros/devel/share/common-lisp/ros/navigation/srv/_package_MissionWaypoints.lisp)
Linked: (/home/darth/Desktop/sc2_ros/devel/.private/navigation/share/common-lisp/ros/navigation/srv/_package.lisp, /home/darth/Desktop/sc2_ros/devel/share/common-lisp/ros/navigation/srv/_package.lisp)
Linked: (/home/darth/Desktop/sc2_ros/devel/.private/navigation/share/common-lisp/ros/navigation/srv/navigation-srv.asd, /home/darth/Desktop/sc2_ros/devel/share/common-lisp/ros/navigation/srv/navigation-srv.asd)
Linked: (/home/darth/Desktop/sc2_ros/devel/.private/navigation/share/common-lisp/ros/navigation/srv/global_setpoint.lisp, /home/darth/Desktop/sc2_ros/devel/share/common-lisp/ros/navigation/srv/global_setpoint.lisp)
Linked: (/home/darth/Desktop/sc2_ros/devel/.private/navigation/share/common-lisp/ros/navigation/srv/_package_GlobalSetpoint.lisp, /home/darth/Desktop/sc2_ros/devel/share/common-lisp/ros/navigation/srv/_package_GlobalSetpoint.lisp)
Linked: (/home/darth/Desktop/sc2_ros/devel/.private/navigation/share/navigation/cmake/navigation-msg-extras.cmake, /home/darth/Desktop/sc2_ros/devel/share/navigation/cmake/navigation-msg-extras.cmake)
Linked: (/home/darth/Desktop/sc2_ros/devel/.private/navigation/share/navigation/cmake/navigationConfig-version.cmake, /home/darth/Desktop/sc2_ros/devel/share/navigation/cmake/navigationConfig-version.cmake)
Linked: (/home/darth/Desktop/sc2_ros/devel/.private/navigation/share/navigation/cmake/navigation-msg-paths.cmake, /home/darth/Desktop/sc2_ros/devel/share/navigation/cmake/navigation-msg-paths.cmake)
Linked: (/home/darth/Desktop/sc2_ros/devel/.private/navigation/share/navigation/cmake/navigationConfig.cmake, /home/darth/Desktop/sc2_ros/devel/share/navigation/cmake/navigationConfig.cmake)
Linked: (/home/darth/Desktop/sc2_ros/devel/.private/navigation/share/roseus/ros/navigation/manifest.l, /home/darth/Desktop/sc2_ros/devel/share/roseus/ros/navigation/manifest.l)
Linked: (/home/darth/Desktop/sc2_ros/devel/.private/navigation/share/roseus/ros/navigation/srv/MissionWaypoints.l, /home/darth/Desktop/sc2_ros/devel/share/roseus/ros/navigation/srv/MissionWaypoints.l)
Linked: (/home/darth/Desktop/sc2_ros/devel/.private/navigation/share/roseus/ros/navigation/srv/global_setpoint.l, /home/darth/Desktop/sc2_ros/devel/share/roseus/ros/navigation/srv/global_setpoint.l)
Linked: (/home/darth/Desktop/sc2_ros/devel/.private/navigation/share/roseus/ros/navigation/srv/GlobalSetpoint.l, /home/darth/Desktop/sc2_ros/devel/share/roseus/ros/navigation/srv/GlobalSetpoint.l)
Linked: (/home/darth/Desktop/sc2_ros/devel/.private/navigation/share/gennodejs/ros/navigation/_index.js, /home/darth/Desktop/sc2_ros/devel/share/gennodejs/ros/navigation/_index.js)
Linked: (/home/darth/Desktop/sc2_ros/devel/.private/navigation/share/gennodejs/ros/navigation/srv/global_setpoint.js, /home/darth/Desktop/sc2_ros/devel/share/gennodejs/ros/navigation/srv/global_setpoint.js)
Linked: (/home/darth/Desktop/sc2_ros/devel/.private/navigation/share/gennodejs/ros/navigation/srv/MissionWaypoints.js, /home/darth/Desktop/sc2_ros/devel/share/gennodejs/ros/navigation/srv/MissionWaypoints.js)
Linked: (/home/darth/Desktop/sc2_ros/devel/.private/navigation/share/gennodejs/ros/navigation/srv/_index.js, /home/darth/Desktop/sc2_ros/devel/share/gennodejs/ros/navigation/srv/_index.js)
Linked: (/home/darth/Desktop/sc2_ros/devel/.private/navigation/share/gennodejs/ros/navigation/srv/GlobalSetpoint.js, /home/darth/Desktop/sc2_ros/devel/share/gennodejs/ros/navigation/srv/GlobalSetpoint.js)
