Symlinking /home/darth/Desktop/sc2_ros/devel/lib/python2.7/dist-packages/nav_node/__init__.py
Symlinking /home/darth/Desktop/sc2_ros/devel/lib/python2.7/dist-packages/nav_node_tester/__init__.py
Symlinking /home/darth/Desktop/sc2_ros/devel/lib/python2.7/dist-packages/navigation/__init__.py
Symlinking /home/darth/Desktop/sc2_ros/devel/lib/python2.7/dist-packages/navigation/srv/_MissionWaypoints.py
Symlinking /home/darth/Desktop/sc2_ros/devel/lib/python2.7/dist-packages/navigation/srv/_global_setpoint.py
Symlinking /home/darth/Desktop/sc2_ros/devel/lib/python2.7/dist-packages/navigation/srv/__init__.py
Symlinking /home/darth/Desktop/sc2_ros/devel/lib/python2.7/dist-packages/navigation/srv/_GlobalSetpoint.py
Symlinking /home/darth/Desktop/sc2_ros/devel/lib/pkgconfig/navigation.pc
Symlinking /home/darth/Desktop/sc2_ros/devel/include/navigation/GlobalSetpointRequest.h
Symlinking /home/darth/Desktop/sc2_ros/devel/include/navigation/global_setpointResponse.h
Symlinking /home/darth/Desktop/sc2_ros/devel/include/navigation/MissionWaypointsResponse.h
Symlinking /home/darth/Desktop/sc2_ros/devel/include/navigation/GlobalSetpoint.h
Symlinking /home/darth/Desktop/sc2_ros/devel/include/navigation/GlobalSetpointResponse.h
Symlinking /home/darth/Desktop/sc2_ros/devel/include/navigation/global_setpoint.h
Symlinking /home/darth/Desktop/sc2_ros/devel/include/navigation/MissionWaypointsRequest.h
Symlinking /home/darth/Desktop/sc2_ros/devel/include/navigation/MissionWaypoints.h
Symlinking /home/darth/Desktop/sc2_ros/devel/include/navigation/global_setpointRequest.h
Symlinking /home/darth/Desktop/sc2_ros/devel/share/common-lisp/ros/navigation/srv/GlobalSetpoint.lisp
Symlinking /home/darth/Desktop/sc2_ros/devel/share/common-lisp/ros/navigation/srv/_package_global_setpoint.lisp
Symlinking /home/darth/Desktop/sc2_ros/devel/share/common-lisp/ros/navigation/srv/MissionWaypoints.lisp
Symlinking /home/darth/Desktop/sc2_ros/devel/share/common-lisp/ros/navigation/srv/_package_MissionWaypoints.lisp
Symlinking /home/darth/Desktop/sc2_ros/devel/share/common-lisp/ros/navigation/srv/_package.lisp
Symlinking /home/darth/Desktop/sc2_ros/devel/share/common-lisp/ros/navigation/srv/navigation-srv.asd
Symlinking /home/darth/Desktop/sc2_ros/devel/share/common-lisp/ros/navigation/srv/global_setpoint.lisp
Symlinking /home/darth/Desktop/sc2_ros/devel/share/common-lisp/ros/navigation/srv/_package_GlobalSetpoint.lisp
Symlinking /home/darth/Desktop/sc2_ros/devel/share/navigation/cmake/navigation-msg-extras.cmake
Symlinking /home/darth/Desktop/sc2_ros/devel/share/navigation/cmake/navigationConfig-version.cmake
Symlinking /home/darth/Desktop/sc2_ros/devel/share/navigation/cmake/navigation-msg-paths.cmake
Symlinking /home/darth/Desktop/sc2_ros/devel/share/navigation/cmake/navigationConfig.cmake
Symlinking /home/darth/Desktop/sc2_ros/devel/share/roseus/ros/navigation/manifest.l
Symlinking /home/darth/Desktop/sc2_ros/devel/share/roseus/ros/navigation/srv/MissionWaypoints.l
Symlinking /home/darth/Desktop/sc2_ros/devel/share/roseus/ros/navigation/srv/global_setpoint.l
Symlinking /home/darth/Desktop/sc2_ros/devel/share/roseus/ros/navigation/srv/GlobalSetpoint.l
Symlinking /home/darth/Desktop/sc2_ros/devel/share/gennodejs/ros/navigation/_index.js
Symlinking /home/darth/Desktop/sc2_ros/devel/share/gennodejs/ros/navigation/srv/global_setpoint.js
Symlinking /home/darth/Desktop/sc2_ros/devel/share/gennodejs/ros/navigation/srv/MissionWaypoints.js
Symlinking /home/darth/Desktop/sc2_ros/devel/share/gennodejs/ros/navigation/srv/_index.js
Symlinking /home/darth/Desktop/sc2_ros/devel/share/gennodejs/ros/navigation/srv/GlobalSetpoint.js
