[35m[1mScanning dependencies of target _navigation_generate_messages_check_deps_global_setpoint[0m
[35m[1mScanning dependencies of target std_msgs_generate_messages_py[0m
[  0%] Built target std_msgs_generate_messages_py
[35m[1mScanning dependencies of target _navigation_generate_messages_check_deps_MissionWaypoints[0m
[35m[1mScanning dependencies of target geometry_msgs_generate_messages_py[0m
[  0%] Built target _navigation_generate_messages_check_deps_global_setpoint
[35m[1mScanning dependencies of target _navigation_generate_messages_check_deps_GlobalSetpoint[0m
[  0%] Built target geometry_msgs_generate_messages_py
[35m[1mScanning dependencies of target std_msgs_generate_messages_lisp[0m
[  0%] Built target _navigation_generate_messages_check_deps_MissionWaypoints
[  0%] Built target std_msgs_generate_messages_lisp
[  0%] Built target _navigation_generate_messages_check_deps_GlobalSetpoint
[35m[1mScanning dependencies of target geometry_msgs_generate_messages_lisp[0m
[  0%] Built target geometry_msgs_generate_messages_lisp
[35m[1mScanning dependencies of target geometry_msgs_generate_messages_cpp[0m
[35m[1mScanning dependencies of target std_msgs_generate_messages_cpp[0m
[  0%] Built target geometry_msgs_generate_messages_cpp
[  0%] Built target std_msgs_generate_messages_cpp
[35m[1mScanning dependencies of target std_msgs_generate_messages_eus[0m
[  0%] Built target std_msgs_generate_messages_eus
[35m[1mScanning dependencies of target geometry_msgs_generate_messages_eus[0m
[  0%] Built target geometry_msgs_generate_messages_eus
[35m[1mScanning dependencies of target geometry_msgs_generate_messages_nodejs[0m
[  0%] Built target geometry_msgs_generate_messages_nodejs
[35m[1mScanning dependencies of target std_msgs_generate_messages_nodejs[0m
[  0%] Built target std_msgs_generate_messages_nodejs
[35m[1mScanning dependencies of target navigation_generate_messages_py[0m
[  5%] [34m[1mGenerating Python code from SRV navigation/GlobalSetpoint[0m
[35m[1mScanning dependencies of target navigation_generate_messages_lisp[0m
[ 11%] [34m[1mGenerating Python code from SRV navigation/MissionWaypoints[0m
[ 17%] [34m[1mGenerating Lisp code from navigation/GlobalSetpoint.srv[0m
[ 23%] [34m[1mGenerating Lisp code from navigation/MissionWaypoints.srv[0m
[ 29%] [34m[1mGenerating Lisp code from navigation/global_setpoint.srv[0m
[ 35%] [34m[1mGenerating Python code from SRV navigation/global_setpoint[0m
[35m[1mScanning dependencies of target navigation_generate_messages_cpp[0m
[35m[1mScanning dependencies of target navigation_generate_messages_eus[0m
[35m[1mScanning dependencies of target navigation_generate_messages_nodejs[0m
[ 41%] [34m[1mGenerating C++ code from navigation/GlobalSetpoint.srv[0m
[ 47%] [34m[1mGenerating EusLisp code from navigation/GlobalSetpoint.srv[0m
[ 52%] [34m[1mGenerating Javascript code from navigation/GlobalSetpoint.srv[0m
[ 52%] Built target navigation_generate_messages_lisp
[ 58%] [34m[1mGenerating Python srv __init__.py for navigation[0m
[ 64%] [34m[1mGenerating EusLisp code from navigation/MissionWaypoints.srv[0m
[ 70%] [34m[1mGenerating Javascript code from navigation/MissionWaypoints.srv[0m
[ 70%] Built target navigation_generate_messages_py
[ 76%] [34m[1mGenerating Javascript code from navigation/global_setpoint.srv[0m
[ 82%] [34m[1mGenerating EusLisp code from navigation/global_setpoint.srv[0m
[ 88%] [34m[1mGenerating EusLisp manifest code for navigation[0m
[ 88%] Built target navigation_generate_messages_nodejs
[ 94%] [34m[1mGenerating C++ code from navigation/MissionWaypoints.srv[0m
[100%] [34m[1mGenerating C++ code from navigation/global_setpoint.srv[0m
[100%] Built target navigation_generate_messages_cpp
[100%] Built target navigation_generate_messages_eus
[35m[1mScanning dependencies of target navigation_generate_messages[0m
[100%] Built target navigation_generate_messages
