Determining if the pthread_create exist failed with the following output:
Change Dir: /home/darth/Desktop/sc2_ros/build/commander/CMakeFiles/CMakeTmp

Run Build Command:"/usr/bin/make" "cmTC_21756/fast"
/usr/bin/make -f CMakeFiles/cmTC_21756.dir/build.make CMakeFiles/cmTC_21756.dir/build
make[1]: Entering directory '/home/darth/Desktop/sc2_ros/build/commander/CMakeFiles/CMakeTmp'
Building C object CMakeFiles/cmTC_21756.dir/CheckSymbolExists.c.o
/usr/bin/cc     -o CMakeFiles/cmTC_21756.dir/CheckSymbolExists.c.o   -c /home/darth/Desktop/sc2_ros/build/commander/CMakeFiles/CMakeTmp/CheckSymbolExists.c
Linking C executable cmTC_21756
/usr/bin/cmake -E cmake_link_script CMakeFiles/cmTC_21756.dir/link.txt --verbose=1
/usr/bin/cc       CMakeFiles/cmTC_21756.dir/CheckSymbolExists.c.o  -o cmTC_21756 -rdynamic 
CMakeFiles/cmTC_21756.dir/CheckSymbolExists.c.o: In function `main':
CheckSymbolExists.c:(.text+0x16): undefined reference to `pthread_create'
collect2: error: ld returned 1 exit status
CMakeFiles/cmTC_21756.dir/build.make:97: recipe for target 'cmTC_21756' failed
make[1]: *** [cmTC_21756] Error 1
make[1]: Leaving directory '/home/darth/Desktop/sc2_ros/build/commander/CMakeFiles/CMakeTmp'
Makefile:126: recipe for target 'cmTC_21756/fast' failed
make: *** [cmTC_21756/fast] Error 2

File /home/darth/Desktop/sc2_ros/build/commander/CMakeFiles/CMakeTmp/CheckSymbolExists.c:
/* */
#include <pthread.h>

int main(int argc, char** argv)
{
  (void)argv;
#ifndef pthread_create
  return ((int*)(&pthread_create))[argc];
#else
  (void)argc;
  return 0;
#endif
}

Determining if the function pthread_create exists in the pthreads failed with the following output:
Change Dir: /home/darth/Desktop/sc2_ros/build/commander/CMakeFiles/CMakeTmp

Run Build Command:"/usr/bin/make" "cmTC_84b96/fast"
/usr/bin/make -f CMakeFiles/cmTC_84b96.dir/build.make CMakeFiles/cmTC_84b96.dir/build
make[1]: Entering directory '/home/darth/Desktop/sc2_ros/build/commander/CMakeFiles/CMakeTmp'
Building C object CMakeFiles/cmTC_84b96.dir/CheckFunctionExists.c.o
/usr/bin/cc    -DCHECK_FUNCTION_EXISTS=pthread_create   -o CMakeFiles/cmTC_84b96.dir/CheckFunctionExists.c.o   -c /usr/share/cmake-3.5/Modules/CheckFunctionExists.c
Linking C executable cmTC_84b96
/usr/bin/cmake -E cmake_link_script CMakeFiles/cmTC_84b96.dir/link.txt --verbose=1
/usr/bin/cc   -DCHECK_FUNCTION_EXISTS=pthread_create    CMakeFiles/cmTC_84b96.dir/CheckFunctionExists.c.o  -o cmTC_84b96 -rdynamic -lpthreads 
/usr/bin/ld: cannot find -lpthreads
collect2: error: ld returned 1 exit status
CMakeFiles/cmTC_84b96.dir/build.make:97: recipe for target 'cmTC_84b96' failed
make[1]: *** [cmTC_84b96] Error 1
make[1]: Leaving directory '/home/darth/Desktop/sc2_ros/build/commander/CMakeFiles/CMakeTmp'
Makefile:126: recipe for target 'cmTC_84b96/fast' failed
make: *** [cmTC_84b96/fast] Error 2


