Symlinking /home/darth/Desktop/sc2_ros/devel/lib/python2.7/dist-packages/path_planner/__init__.py
Symlinking /home/darth/Desktop/sc2_ros/devel/lib/python2.7/dist-packages/path_planner/srv/_CreateGraph.py
Symlinking /home/darth/Desktop/sc2_ros/devel/lib/python2.7/dist-packages/path_planner/srv/__init__.py
Symlinking /home/darth/Desktop/sc2_ros/devel/lib/python2.7/dist-packages/path_planner/srv/_FindPath.py
Symlinking /home/darth/Desktop/sc2_ros/devel/lib/pkgconfig/path_planner.pc
Symlinking /home/darth/Desktop/sc2_ros/devel/lib/path_planner/path_planning_node
Symlinking /home/darth/Desktop/sc2_ros/devel/include/path_planner/FindPath.h
Symlinking /home/darth/Desktop/sc2_ros/devel/include/path_planner/CreateGraph.h
Symlinking /home/darth/Desktop/sc2_ros/devel/include/path_planner/FindPathRequest.h
Symlinking /home/darth/Desktop/sc2_ros/devel/include/path_planner/CreateGraphRequest.h
Symlinking /home/darth/Desktop/sc2_ros/devel/include/path_planner/FindPathResponse.h
Symlinking /home/darth/Desktop/sc2_ros/devel/include/path_planner/CreateGraphResponse.h
Symlinking /home/darth/Desktop/sc2_ros/devel/share/common-lisp/ros/path_planner/srv/CreateGraph.lisp
Symlinking /home/darth/Desktop/sc2_ros/devel/share/common-lisp/ros/path_planner/srv/_package_FindPath.lisp
Symlinking /home/darth/Desktop/sc2_ros/devel/share/common-lisp/ros/path_planner/srv/_package.lisp
Symlinking /home/darth/Desktop/sc2_ros/devel/share/common-lisp/ros/path_planner/srv/path_planner-srv.asd
Symlinking /home/darth/Desktop/sc2_ros/devel/share/common-lisp/ros/path_planner/srv/FindPath.lisp
Symlinking /home/darth/Desktop/sc2_ros/devel/share/common-lisp/ros/path_planner/srv/_package_CreateGraph.lisp
Symlinking /home/darth/Desktop/sc2_ros/devel/share/roseus/ros/path_planner/manifest.l
Symlinking /home/darth/Desktop/sc2_ros/devel/share/roseus/ros/path_planner/srv/CreateGraph.l
Symlinking /home/darth/Desktop/sc2_ros/devel/share/roseus/ros/path_planner/srv/FindPath.l
Symlinking /home/darth/Desktop/sc2_ros/devel/share/path_planner/cmake/path_plannerConfig.cmake
Symlinking /home/darth/Desktop/sc2_ros/devel/share/path_planner/cmake/path_plannerConfig-version.cmake
Symlinking /home/darth/Desktop/sc2_ros/devel/share/path_planner/cmake/path_planner-msg-paths.cmake
Symlinking /home/darth/Desktop/sc2_ros/devel/share/path_planner/cmake/path_planner-msg-extras.cmake
Symlinking /home/darth/Desktop/sc2_ros/devel/share/gennodejs/ros/path_planner/_index.js
Symlinking /home/darth/Desktop/sc2_ros/devel/share/gennodejs/ros/path_planner/srv/FindPath.js
Symlinking /home/darth/Desktop/sc2_ros/devel/share/gennodejs/ros/path_planner/srv/CreateGraph.js
Symlinking /home/darth/Desktop/sc2_ros/devel/share/gennodejs/ros/path_planner/srv/_index.js
