Linked: (/home/darth/Desktop/sc2_ros/devel/.private/path_planner/lib/python2.7/dist-packages/path_planner/__init__.py, /home/darth/Desktop/sc2_ros/devel/lib/python2.7/dist-packages/path_planner/__init__.py)
Linked: (/home/darth/Desktop/sc2_ros/devel/.private/path_planner/lib/python2.7/dist-packages/path_planner/srv/_CreateGraph.py, /home/darth/Desktop/sc2_ros/devel/lib/python2.7/dist-packages/path_planner/srv/_CreateGraph.py)
Linked: (/home/darth/Desktop/sc2_ros/devel/.private/path_planner/lib/python2.7/dist-packages/path_planner/srv/__init__.py, /home/darth/Desktop/sc2_ros/devel/lib/python2.7/dist-packages/path_planner/srv/__init__.py)
Linked: (/home/darth/Desktop/sc2_ros/devel/.private/path_planner/lib/python2.7/dist-packages/path_planner/srv/_FindPath.py, /home/darth/Desktop/sc2_ros/devel/lib/python2.7/dist-packages/path_planner/srv/_FindPath.py)
Linked: (/home/darth/Desktop/sc2_ros/devel/.private/path_planner/lib/pkgconfig/path_planner.pc, /home/darth/Desktop/sc2_ros/devel/lib/pkgconfig/path_planner.pc)
Linked: (/home/darth/Desktop/sc2_ros/devel/.private/path_planner/lib/path_planner/path_planning_node, /home/darth/Desktop/sc2_ros/devel/lib/path_planner/path_planning_node)
Linked: (/home/darth/Desktop/sc2_ros/devel/.private/path_planner/include/path_planner/FindPath.h, /home/darth/Desktop/sc2_ros/devel/include/path_planner/FindPath.h)
Linked: (/home/darth/Desktop/sc2_ros/devel/.private/path_planner/include/path_planner/CreateGraph.h, /home/darth/Desktop/sc2_ros/devel/include/path_planner/CreateGraph.h)
Linked: (/home/darth/Desktop/sc2_ros/devel/.private/path_planner/include/path_planner/FindPathRequest.h, /home/darth/Desktop/sc2_ros/devel/include/path_planner/FindPathRequest.h)
Linked: (/home/darth/Desktop/sc2_ros/devel/.private/path_planner/include/path_planner/CreateGraphRequest.h, /home/darth/Desktop/sc2_ros/devel/include/path_planner/CreateGraphRequest.h)
Linked: (/home/darth/Desktop/sc2_ros/devel/.private/path_planner/include/path_planner/FindPathResponse.h, /home/darth/Desktop/sc2_ros/devel/include/path_planner/FindPathResponse.h)
Linked: (/home/darth/Desktop/sc2_ros/devel/.private/path_planner/include/path_planner/CreateGraphResponse.h, /home/darth/Desktop/sc2_ros/devel/include/path_planner/CreateGraphResponse.h)
Linked: (/home/darth/Desktop/sc2_ros/devel/.private/path_planner/share/common-lisp/ros/path_planner/srv/CreateGraph.lisp, /home/darth/Desktop/sc2_ros/devel/share/common-lisp/ros/path_planner/srv/CreateGraph.lisp)
Linked: (/home/darth/Desktop/sc2_ros/devel/.private/path_planner/share/common-lisp/ros/path_planner/srv/_package_FindPath.lisp, /home/darth/Desktop/sc2_ros/devel/share/common-lisp/ros/path_planner/srv/_package_FindPath.lisp)
Linked: (/home/darth/Desktop/sc2_ros/devel/.private/path_planner/share/common-lisp/ros/path_planner/srv/_package.lisp, /home/darth/Desktop/sc2_ros/devel/share/common-lisp/ros/path_planner/srv/_package.lisp)
Linked: (/home/darth/Desktop/sc2_ros/devel/.private/path_planner/share/common-lisp/ros/path_planner/srv/path_planner-srv.asd, /home/darth/Desktop/sc2_ros/devel/share/common-lisp/ros/path_planner/srv/path_planner-srv.asd)
Linked: (/home/darth/Desktop/sc2_ros/devel/.private/path_planner/share/common-lisp/ros/path_planner/srv/FindPath.lisp, /home/darth/Desktop/sc2_ros/devel/share/common-lisp/ros/path_planner/srv/FindPath.lisp)
Linked: (/home/darth/Desktop/sc2_ros/devel/.private/path_planner/share/common-lisp/ros/path_planner/srv/_package_CreateGraph.lisp, /home/darth/Desktop/sc2_ros/devel/share/common-lisp/ros/path_planner/srv/_package_CreateGraph.lisp)
Linked: (/home/darth/Desktop/sc2_ros/devel/.private/path_planner/share/roseus/ros/path_planner/manifest.l, /home/darth/Desktop/sc2_ros/devel/share/roseus/ros/path_planner/manifest.l)
Linked: (/home/darth/Desktop/sc2_ros/devel/.private/path_planner/share/roseus/ros/path_planner/srv/CreateGraph.l, /home/darth/Desktop/sc2_ros/devel/share/roseus/ros/path_planner/srv/CreateGraph.l)
Linked: (/home/darth/Desktop/sc2_ros/devel/.private/path_planner/share/roseus/ros/path_planner/srv/FindPath.l, /home/darth/Desktop/sc2_ros/devel/share/roseus/ros/path_planner/srv/FindPath.l)
Linked: (/home/darth/Desktop/sc2_ros/devel/.private/path_planner/share/path_planner/cmake/path_plannerConfig.cmake, /home/darth/Desktop/sc2_ros/devel/share/path_planner/cmake/path_plannerConfig.cmake)
Linked: (/home/darth/Desktop/sc2_ros/devel/.private/path_planner/share/path_planner/cmake/path_plannerConfig-version.cmake, /home/darth/Desktop/sc2_ros/devel/share/path_planner/cmake/path_plannerConfig-version.cmake)
Linked: (/home/darth/Desktop/sc2_ros/devel/.private/path_planner/share/path_planner/cmake/path_planner-msg-paths.cmake, /home/darth/Desktop/sc2_ros/devel/share/path_planner/cmake/path_planner-msg-paths.cmake)
Linked: (/home/darth/Desktop/sc2_ros/devel/.private/path_planner/share/path_planner/cmake/path_planner-msg-extras.cmake, /home/darth/Desktop/sc2_ros/devel/share/path_planner/cmake/path_planner-msg-extras.cmake)
Linked: (/home/darth/Desktop/sc2_ros/devel/.private/path_planner/share/gennodejs/ros/path_planner/_index.js, /home/darth/Desktop/sc2_ros/devel/share/gennodejs/ros/path_planner/_index.js)
Linked: (/home/darth/Desktop/sc2_ros/devel/.private/path_planner/share/gennodejs/ros/path_planner/srv/FindPath.js, /home/darth/Desktop/sc2_ros/devel/share/gennodejs/ros/path_planner/srv/FindPath.js)
Linked: (/home/darth/Desktop/sc2_ros/devel/.private/path_planner/share/gennodejs/ros/path_planner/srv/CreateGraph.js, /home/darth/Desktop/sc2_ros/devel/share/gennodejs/ros/path_planner/srv/CreateGraph.js)
Linked: (/home/darth/Desktop/sc2_ros/devel/.private/path_planner/share/gennodejs/ros/path_planner/srv/_index.js, /home/darth/Desktop/sc2_ros/devel/share/gennodejs/ros/path_planner/srv/_index.js)
