Symlinking /home/darth/Desktop/sc2_ros/devel/lib/python2.7/dist-packages/commander_node/__init__.py
Symlinking /home/darth/Desktop/sc2_ros/devel/lib/python2.7/dist-packages/commander/__init__.py
Symlinking /home/darth/Desktop/sc2_ros/devel/lib/python2.7/dist-packages/commander/srv/_DELETE_OBS_CAPTURE.py
Symlinking /home/darth/Desktop/sc2_ros/devel/lib/python2.7/dist-packages/commander/srv/_CANCEL_OBS_CAPTURE.py
Symlinking /home/darth/Desktop/sc2_ros/devel/lib/python2.7/dist-packages/commander/srv/_STOP_OBS_CAPTURE.py
Symlinking /home/darth/Desktop/sc2_ros/devel/lib/python2.7/dist-packages/commander/srv/__init__.py
Symlinking /home/darth/Desktop/sc2_ros/devel/lib/python2.7/dist-packages/commander/srv/_GET_MAP_INFO.py
Symlinking /home/darth/Desktop/sc2_ros/devel/lib/python2.7/dist-packages/commander/srv/_SAVE_OBS_DATA.py
Symlinking /home/darth/Desktop/sc2_ros/devel/lib/python2.7/dist-packages/commander/srv/_START_OBS_CAPTURE.py
Symlinking /home/darth/Desktop/sc2_ros/devel/lib/pkgconfig/commander.pc
Symlinking /home/darth/Desktop/sc2_ros/devel/include/commander/START_OBS_CAPTUREResponse.h
Symlinking /home/darth/Desktop/sc2_ros/devel/include/commander/CANCEL_OBS_CAPTURERequest.h
Symlinking /home/darth/Desktop/sc2_ros/devel/include/commander/SAVE_OBS_DATAResponse.h
Symlinking /home/darth/Desktop/sc2_ros/devel/include/commander/START_OBS_CAPTURERequest.h
Symlinking /home/darth/Desktop/sc2_ros/devel/include/commander/SAVE_OBS_DATA.h
Symlinking /home/darth/Desktop/sc2_ros/devel/include/commander/GET_MAP_INFORequest.h
Symlinking /home/darth/Desktop/sc2_ros/devel/include/commander/DELETE_OBS_CAPTURE.h
Symlinking /home/darth/Desktop/sc2_ros/devel/include/commander/GET_MAP_INFO.h
Symlinking /home/darth/Desktop/sc2_ros/devel/include/commander/GET_MAP_INFOResponse.h
Symlinking /home/darth/Desktop/sc2_ros/devel/include/commander/STOP_OBS_CAPTURERequest.h
Symlinking /home/darth/Desktop/sc2_ros/devel/include/commander/DELETE_OBS_CAPTUREResponse.h
Symlinking /home/darth/Desktop/sc2_ros/devel/include/commander/CANCEL_OBS_CAPTUREResponse.h
Symlinking /home/darth/Desktop/sc2_ros/devel/include/commander/STOP_OBS_CAPTUREResponse.h
Symlinking /home/darth/Desktop/sc2_ros/devel/include/commander/START_OBS_CAPTURE.h
Symlinking /home/darth/Desktop/sc2_ros/devel/include/commander/SAVE_OBS_DATARequest.h
Symlinking /home/darth/Desktop/sc2_ros/devel/include/commander/CANCEL_OBS_CAPTURE.h
Symlinking /home/darth/Desktop/sc2_ros/devel/include/commander/STOP_OBS_CAPTURE.h
Symlinking /home/darth/Desktop/sc2_ros/devel/include/commander/DELETE_OBS_CAPTURERequest.h
Symlinking /home/darth/Desktop/sc2_ros/devel/share/common-lisp/ros/commander/srv/GET_MAP_INFO.lisp
Symlinking /home/darth/Desktop/sc2_ros/devel/share/common-lisp/ros/commander/srv/_package_DELETE_OBS_CAPTURE.lisp
Symlinking /home/darth/Desktop/sc2_ros/devel/share/common-lisp/ros/commander/srv/_package_START_OBS_CAPTURE.lisp
Symlinking /home/darth/Desktop/sc2_ros/devel/share/common-lisp/ros/commander/srv/SAVE_OBS_DATA.lisp
Symlinking /home/darth/Desktop/sc2_ros/devel/share/common-lisp/ros/commander/srv/_package_STOP_OBS_CAPTURE.lisp
Symlinking /home/darth/Desktop/sc2_ros/devel/share/common-lisp/ros/commander/srv/_package.lisp
Symlinking /home/darth/Desktop/sc2_ros/devel/share/common-lisp/ros/commander/srv/_package_SAVE_OBS_DATA.lisp
Symlinking /home/darth/Desktop/sc2_ros/devel/share/common-lisp/ros/commander/srv/commander-srv.asd
Symlinking /home/darth/Desktop/sc2_ros/devel/share/common-lisp/ros/commander/srv/_package_CANCEL_OBS_CAPTURE.lisp
Symlinking /home/darth/Desktop/sc2_ros/devel/share/common-lisp/ros/commander/srv/START_OBS_CAPTURE.lisp
Symlinking /home/darth/Desktop/sc2_ros/devel/share/common-lisp/ros/commander/srv/STOP_OBS_CAPTURE.lisp
Symlinking /home/darth/Desktop/sc2_ros/devel/share/common-lisp/ros/commander/srv/_package_GET_MAP_INFO.lisp
Symlinking /home/darth/Desktop/sc2_ros/devel/share/common-lisp/ros/commander/srv/DELETE_OBS_CAPTURE.lisp
Symlinking /home/darth/Desktop/sc2_ros/devel/share/common-lisp/ros/commander/srv/CANCEL_OBS_CAPTURE.lisp
Symlinking /home/darth/Desktop/sc2_ros/devel/share/roseus/ros/commander/manifest.l
Symlinking /home/darth/Desktop/sc2_ros/devel/share/roseus/ros/commander/srv/SAVE_OBS_DATA.l
Symlinking /home/darth/Desktop/sc2_ros/devel/share/roseus/ros/commander/srv/STOP_OBS_CAPTURE.l
Symlinking /home/darth/Desktop/sc2_ros/devel/share/roseus/ros/commander/srv/DELETE_OBS_CAPTURE.l
Symlinking /home/darth/Desktop/sc2_ros/devel/share/roseus/ros/commander/srv/START_OBS_CAPTURE.l
Symlinking /home/darth/Desktop/sc2_ros/devel/share/roseus/ros/commander/srv/GET_MAP_INFO.l
Symlinking /home/darth/Desktop/sc2_ros/devel/share/roseus/ros/commander/srv/CANCEL_OBS_CAPTURE.l
Symlinking /home/darth/Desktop/sc2_ros/devel/share/commander/cmake/commanderConfig-version.cmake
Symlinking /home/darth/Desktop/sc2_ros/devel/share/commander/cmake/commander-msg-paths.cmake
Symlinking /home/darth/Desktop/sc2_ros/devel/share/commander/cmake/commanderConfig.cmake
Symlinking /home/darth/Desktop/sc2_ros/devel/share/commander/cmake/commander-msg-extras.cmake
Symlinking /home/darth/Desktop/sc2_ros/devel/share/gennodejs/ros/commander/_index.js
Symlinking /home/darth/Desktop/sc2_ros/devel/share/gennodejs/ros/commander/srv/START_OBS_CAPTURE.js
Symlinking /home/darth/Desktop/sc2_ros/devel/share/gennodejs/ros/commander/srv/STOP_OBS_CAPTURE.js
Symlinking /home/darth/Desktop/sc2_ros/devel/share/gennodejs/ros/commander/srv/DELETE_OBS_CAPTURE.js
Symlinking /home/darth/Desktop/sc2_ros/devel/share/gennodejs/ros/commander/srv/CANCEL_OBS_CAPTURE.js
Symlinking /home/darth/Desktop/sc2_ros/devel/share/gennodejs/ros/commander/srv/_index.js
Symlinking /home/darth/Desktop/sc2_ros/devel/share/gennodejs/ros/commander/srv/SAVE_OBS_DATA.js
Symlinking /home/darth/Desktop/sc2_ros/devel/share/gennodejs/ros/commander/srv/GET_MAP_INFO.js
