Linked: (/home/darth/Desktop/sc2_ros/devel/.private/commander/lib/python2.7/dist-packages/commander_node/__init__.py, /home/darth/Desktop/sc2_ros/devel/lib/python2.7/dist-packages/commander_node/__init__.py)
Linked: (/home/darth/Desktop/sc2_ros/devel/.private/commander/lib/python2.7/dist-packages/commander/__init__.py, /home/darth/Desktop/sc2_ros/devel/lib/python2.7/dist-packages/commander/__init__.py)
Linked: (/home/darth/Desktop/sc2_ros/devel/.private/commander/lib/python2.7/dist-packages/commander/srv/_DELETE_OBS_CAPTURE.py, /home/darth/Desktop/sc2_ros/devel/lib/python2.7/dist-packages/commander/srv/_DELETE_OBS_CAPTURE.py)
Linked: (/home/darth/Desktop/sc2_ros/devel/.private/commander/lib/python2.7/dist-packages/commander/srv/_CANCEL_OBS_CAPTURE.py, /home/darth/Desktop/sc2_ros/devel/lib/python2.7/dist-packages/commander/srv/_CANCEL_OBS_CAPTURE.py)
Linked: (/home/darth/Desktop/sc2_ros/devel/.private/commander/lib/python2.7/dist-packages/commander/srv/_STOP_OBS_CAPTURE.py, /home/darth/Desktop/sc2_ros/devel/lib/python2.7/dist-packages/commander/srv/_STOP_OBS_CAPTURE.py)
Linked: (/home/darth/Desktop/sc2_ros/devel/.private/commander/lib/python2.7/dist-packages/commander/srv/__init__.py, /home/darth/Desktop/sc2_ros/devel/lib/python2.7/dist-packages/commander/srv/__init__.py)
Linked: (/home/darth/Desktop/sc2_ros/devel/.private/commander/lib/python2.7/dist-packages/commander/srv/_GET_MAP_INFO.py, /home/darth/Desktop/sc2_ros/devel/lib/python2.7/dist-packages/commander/srv/_GET_MAP_INFO.py)
Linked: (/home/darth/Desktop/sc2_ros/devel/.private/commander/lib/python2.7/dist-packages/commander/srv/_SAVE_OBS_DATA.py, /home/darth/Desktop/sc2_ros/devel/lib/python2.7/dist-packages/commander/srv/_SAVE_OBS_DATA.py)
Linked: (/home/darth/Desktop/sc2_ros/devel/.private/commander/lib/python2.7/dist-packages/commander/srv/_START_OBS_CAPTURE.py, /home/darth/Desktop/sc2_ros/devel/lib/python2.7/dist-packages/commander/srv/_START_OBS_CAPTURE.py)
Linked: (/home/darth/Desktop/sc2_ros/devel/.private/commander/lib/pkgconfig/commander.pc, /home/darth/Desktop/sc2_ros/devel/lib/pkgconfig/commander.pc)
Linked: (/home/darth/Desktop/sc2_ros/devel/.private/commander/include/commander/START_OBS_CAPTUREResponse.h, /home/darth/Desktop/sc2_ros/devel/include/commander/START_OBS_CAPTUREResponse.h)
Linked: (/home/darth/Desktop/sc2_ros/devel/.private/commander/include/commander/CANCEL_OBS_CAPTURERequest.h, /home/darth/Desktop/sc2_ros/devel/include/commander/CANCEL_OBS_CAPTURERequest.h)
Linked: (/home/darth/Desktop/sc2_ros/devel/.private/commander/include/commander/SAVE_OBS_DATAResponse.h, /home/darth/Desktop/sc2_ros/devel/include/commander/SAVE_OBS_DATAResponse.h)
Linked: (/home/darth/Desktop/sc2_ros/devel/.private/commander/include/commander/START_OBS_CAPTURERequest.h, /home/darth/Desktop/sc2_ros/devel/include/commander/START_OBS_CAPTURERequest.h)
Linked: (/home/darth/Desktop/sc2_ros/devel/.private/commander/include/commander/SAVE_OBS_DATA.h, /home/darth/Desktop/sc2_ros/devel/include/commander/SAVE_OBS_DATA.h)
Linked: (/home/darth/Desktop/sc2_ros/devel/.private/commander/include/commander/GET_MAP_INFORequest.h, /home/darth/Desktop/sc2_ros/devel/include/commander/GET_MAP_INFORequest.h)
Linked: (/home/darth/Desktop/sc2_ros/devel/.private/commander/include/commander/DELETE_OBS_CAPTURE.h, /home/darth/Desktop/sc2_ros/devel/include/commander/DELETE_OBS_CAPTURE.h)
Linked: (/home/darth/Desktop/sc2_ros/devel/.private/commander/include/commander/GET_MAP_INFO.h, /home/darth/Desktop/sc2_ros/devel/include/commander/GET_MAP_INFO.h)
Linked: (/home/darth/Desktop/sc2_ros/devel/.private/commander/include/commander/GET_MAP_INFOResponse.h, /home/darth/Desktop/sc2_ros/devel/include/commander/GET_MAP_INFOResponse.h)
Linked: (/home/darth/Desktop/sc2_ros/devel/.private/commander/include/commander/STOP_OBS_CAPTURERequest.h, /home/darth/Desktop/sc2_ros/devel/include/commander/STOP_OBS_CAPTURERequest.h)
Linked: (/home/darth/Desktop/sc2_ros/devel/.private/commander/include/commander/DELETE_OBS_CAPTUREResponse.h, /home/darth/Desktop/sc2_ros/devel/include/commander/DELETE_OBS_CAPTUREResponse.h)
Linked: (/home/darth/Desktop/sc2_ros/devel/.private/commander/include/commander/CANCEL_OBS_CAPTUREResponse.h, /home/darth/Desktop/sc2_ros/devel/include/commander/CANCEL_OBS_CAPTUREResponse.h)
Linked: (/home/darth/Desktop/sc2_ros/devel/.private/commander/include/commander/STOP_OBS_CAPTUREResponse.h, /home/darth/Desktop/sc2_ros/devel/include/commander/STOP_OBS_CAPTUREResponse.h)
Linked: (/home/darth/Desktop/sc2_ros/devel/.private/commander/include/commander/START_OBS_CAPTURE.h, /home/darth/Desktop/sc2_ros/devel/include/commander/START_OBS_CAPTURE.h)
Linked: (/home/darth/Desktop/sc2_ros/devel/.private/commander/include/commander/SAVE_OBS_DATARequest.h, /home/darth/Desktop/sc2_ros/devel/include/commander/SAVE_OBS_DATARequest.h)
Linked: (/home/darth/Desktop/sc2_ros/devel/.private/commander/include/commander/CANCEL_OBS_CAPTURE.h, /home/darth/Desktop/sc2_ros/devel/include/commander/CANCEL_OBS_CAPTURE.h)
Linked: (/home/darth/Desktop/sc2_ros/devel/.private/commander/include/commander/STOP_OBS_CAPTURE.h, /home/darth/Desktop/sc2_ros/devel/include/commander/STOP_OBS_CAPTURE.h)
Linked: (/home/darth/Desktop/sc2_ros/devel/.private/commander/include/commander/DELETE_OBS_CAPTURERequest.h, /home/darth/Desktop/sc2_ros/devel/include/commander/DELETE_OBS_CAPTURERequest.h)
Linked: (/home/darth/Desktop/sc2_ros/devel/.private/commander/share/common-lisp/ros/commander/srv/GET_MAP_INFO.lisp, /home/darth/Desktop/sc2_ros/devel/share/common-lisp/ros/commander/srv/GET_MAP_INFO.lisp)
Linked: (/home/darth/Desktop/sc2_ros/devel/.private/commander/share/common-lisp/ros/commander/srv/_package_DELETE_OBS_CAPTURE.lisp, /home/darth/Desktop/sc2_ros/devel/share/common-lisp/ros/commander/srv/_package_DELETE_OBS_CAPTURE.lisp)
Linked: (/home/darth/Desktop/sc2_ros/devel/.private/commander/share/common-lisp/ros/commander/srv/_package_START_OBS_CAPTURE.lisp, /home/darth/Desktop/sc2_ros/devel/share/common-lisp/ros/commander/srv/_package_START_OBS_CAPTURE.lisp)
Linked: (/home/darth/Desktop/sc2_ros/devel/.private/commander/share/common-lisp/ros/commander/srv/SAVE_OBS_DATA.lisp, /home/darth/Desktop/sc2_ros/devel/share/common-lisp/ros/commander/srv/SAVE_OBS_DATA.lisp)
Linked: (/home/darth/Desktop/sc2_ros/devel/.private/commander/share/common-lisp/ros/commander/srv/_package_STOP_OBS_CAPTURE.lisp, /home/darth/Desktop/sc2_ros/devel/share/common-lisp/ros/commander/srv/_package_STOP_OBS_CAPTURE.lisp)
Linked: (/home/darth/Desktop/sc2_ros/devel/.private/commander/share/common-lisp/ros/commander/srv/_package.lisp, /home/darth/Desktop/sc2_ros/devel/share/common-lisp/ros/commander/srv/_package.lisp)
Linked: (/home/darth/Desktop/sc2_ros/devel/.private/commander/share/common-lisp/ros/commander/srv/_package_SAVE_OBS_DATA.lisp, /home/darth/Desktop/sc2_ros/devel/share/common-lisp/ros/commander/srv/_package_SAVE_OBS_DATA.lisp)
Linked: (/home/darth/Desktop/sc2_ros/devel/.private/commander/share/common-lisp/ros/commander/srv/commander-srv.asd, /home/darth/Desktop/sc2_ros/devel/share/common-lisp/ros/commander/srv/commander-srv.asd)
Linked: (/home/darth/Desktop/sc2_ros/devel/.private/commander/share/common-lisp/ros/commander/srv/_package_CANCEL_OBS_CAPTURE.lisp, /home/darth/Desktop/sc2_ros/devel/share/common-lisp/ros/commander/srv/_package_CANCEL_OBS_CAPTURE.lisp)
Linked: (/home/darth/Desktop/sc2_ros/devel/.private/commander/share/common-lisp/ros/commander/srv/START_OBS_CAPTURE.lisp, /home/darth/Desktop/sc2_ros/devel/share/common-lisp/ros/commander/srv/START_OBS_CAPTURE.lisp)
Linked: (/home/darth/Desktop/sc2_ros/devel/.private/commander/share/common-lisp/ros/commander/srv/STOP_OBS_CAPTURE.lisp, /home/darth/Desktop/sc2_ros/devel/share/common-lisp/ros/commander/srv/STOP_OBS_CAPTURE.lisp)
Linked: (/home/darth/Desktop/sc2_ros/devel/.private/commander/share/common-lisp/ros/commander/srv/_package_GET_MAP_INFO.lisp, /home/darth/Desktop/sc2_ros/devel/share/common-lisp/ros/commander/srv/_package_GET_MAP_INFO.lisp)
Linked: (/home/darth/Desktop/sc2_ros/devel/.private/commander/share/common-lisp/ros/commander/srv/DELETE_OBS_CAPTURE.lisp, /home/darth/Desktop/sc2_ros/devel/share/common-lisp/ros/commander/srv/DELETE_OBS_CAPTURE.lisp)
Linked: (/home/darth/Desktop/sc2_ros/devel/.private/commander/share/common-lisp/ros/commander/srv/CANCEL_OBS_CAPTURE.lisp, /home/darth/Desktop/sc2_ros/devel/share/common-lisp/ros/commander/srv/CANCEL_OBS_CAPTURE.lisp)
Linked: (/home/darth/Desktop/sc2_ros/devel/.private/commander/share/roseus/ros/commander/manifest.l, /home/darth/Desktop/sc2_ros/devel/share/roseus/ros/commander/manifest.l)
Linked: (/home/darth/Desktop/sc2_ros/devel/.private/commander/share/roseus/ros/commander/srv/SAVE_OBS_DATA.l, /home/darth/Desktop/sc2_ros/devel/share/roseus/ros/commander/srv/SAVE_OBS_DATA.l)
Linked: (/home/darth/Desktop/sc2_ros/devel/.private/commander/share/roseus/ros/commander/srv/STOP_OBS_CAPTURE.l, /home/darth/Desktop/sc2_ros/devel/share/roseus/ros/commander/srv/STOP_OBS_CAPTURE.l)
Linked: (/home/darth/Desktop/sc2_ros/devel/.private/commander/share/roseus/ros/commander/srv/DELETE_OBS_CAPTURE.l, /home/darth/Desktop/sc2_ros/devel/share/roseus/ros/commander/srv/DELETE_OBS_CAPTURE.l)
Linked: (/home/darth/Desktop/sc2_ros/devel/.private/commander/share/roseus/ros/commander/srv/START_OBS_CAPTURE.l, /home/darth/Desktop/sc2_ros/devel/share/roseus/ros/commander/srv/START_OBS_CAPTURE.l)
Linked: (/home/darth/Desktop/sc2_ros/devel/.private/commander/share/roseus/ros/commander/srv/GET_MAP_INFO.l, /home/darth/Desktop/sc2_ros/devel/share/roseus/ros/commander/srv/GET_MAP_INFO.l)
Linked: (/home/darth/Desktop/sc2_ros/devel/.private/commander/share/roseus/ros/commander/srv/CANCEL_OBS_CAPTURE.l, /home/darth/Desktop/sc2_ros/devel/share/roseus/ros/commander/srv/CANCEL_OBS_CAPTURE.l)
Linked: (/home/darth/Desktop/sc2_ros/devel/.private/commander/share/commander/cmake/commanderConfig-version.cmake, /home/darth/Desktop/sc2_ros/devel/share/commander/cmake/commanderConfig-version.cmake)
Linked: (/home/darth/Desktop/sc2_ros/devel/.private/commander/share/commander/cmake/commander-msg-paths.cmake, /home/darth/Desktop/sc2_ros/devel/share/commander/cmake/commander-msg-paths.cmake)
Linked: (/home/darth/Desktop/sc2_ros/devel/.private/commander/share/commander/cmake/commanderConfig.cmake, /home/darth/Desktop/sc2_ros/devel/share/commander/cmake/commanderConfig.cmake)
Linked: (/home/darth/Desktop/sc2_ros/devel/.private/commander/share/commander/cmake/commander-msg-extras.cmake, /home/darth/Desktop/sc2_ros/devel/share/commander/cmake/commander-msg-extras.cmake)
Linked: (/home/darth/Desktop/sc2_ros/devel/.private/commander/share/gennodejs/ros/commander/_index.js, /home/darth/Desktop/sc2_ros/devel/share/gennodejs/ros/commander/_index.js)
Linked: (/home/darth/Desktop/sc2_ros/devel/.private/commander/share/gennodejs/ros/commander/srv/START_OBS_CAPTURE.js, /home/darth/Desktop/sc2_ros/devel/share/gennodejs/ros/commander/srv/START_OBS_CAPTURE.js)
Linked: (/home/darth/Desktop/sc2_ros/devel/.private/commander/share/gennodejs/ros/commander/srv/STOP_OBS_CAPTURE.js, /home/darth/Desktop/sc2_ros/devel/share/gennodejs/ros/commander/srv/STOP_OBS_CAPTURE.js)
Linked: (/home/darth/Desktop/sc2_ros/devel/.private/commander/share/gennodejs/ros/commander/srv/DELETE_OBS_CAPTURE.js, /home/darth/Desktop/sc2_ros/devel/share/gennodejs/ros/commander/srv/DELETE_OBS_CAPTURE.js)
Linked: (/home/darth/Desktop/sc2_ros/devel/.private/commander/share/gennodejs/ros/commander/srv/CANCEL_OBS_CAPTURE.js, /home/darth/Desktop/sc2_ros/devel/share/gennodejs/ros/commander/srv/CANCEL_OBS_CAPTURE.js)
Linked: (/home/darth/Desktop/sc2_ros/devel/.private/commander/share/gennodejs/ros/commander/srv/_index.js, /home/darth/Desktop/sc2_ros/devel/share/gennodejs/ros/commander/srv/_index.js)
Linked: (/home/darth/Desktop/sc2_ros/devel/.private/commander/share/gennodejs/ros/commander/srv/SAVE_OBS_DATA.js, /home/darth/Desktop/sc2_ros/devel/share/gennodejs/ros/commander/srv/SAVE_OBS_DATA.js)
Linked: (/home/darth/Desktop/sc2_ros/devel/.private/commander/share/gennodejs/ros/commander/srv/GET_MAP_INFO.js, /home/darth/Desktop/sc2_ros/devel/share/gennodejs/ros/commander/srv/GET_MAP_INFO.js)
